[2022-02-06 오후 6:52:35] 100개 성구 추가 완료
[2022-02-06 오후 6:52:35] 성구암송 시작
[2022-02-06 오후 6:52:37] 익명 결과 저장 완료
[2022-02-06 오후 6:52:39] 성구암송 종료
[2022-02-06 오후 8:16:21] 100개 성구 추가 완료
[2022-02-06 오후 8:16:21] 성구암송 시작
[2022-02-06 오후 8:16:22] 익명 결과 저장 완료
[2022-02-06 오후 8:16:23] 성구암송 종료
[2022-02-06 오후 8:16:27] 100개 성구 추가 완료
[2022-02-06 오후 8:16:27] 성구암송 시작
[2022-02-06 오후 8:17:45] 100개 성구 추가 완료
[2022-02-06 오후 8:17:45] 성구암송 시작
[2022-02-06 오후 8:18:06] 성구암송 종료
[2022-02-06 오후 8:24:08] 100개 성구 추가 완료
[2022-02-06 오후 8:24:08] 성구암송 시작
[2022-02-06 오후 8:26:01] 100개 성구 추가 완료
[2022-02-06 오후 8:26:01] 성구암송 시작
[2022-02-06 오후 8:27:52] 100개 성구 추가 완료
[2022-02-06 오후 8:27:52] 성구암송 시작
[2022-02-06 오후 8:27:54] 성구확인: 오답
[2022-02-06 오후 8:27:54] 다음 성구
