[2022-01-23 오전 1:17:08] 100 성구 추가 완료
[2022-01-23 오전 1:17:08] 성구암송 시작
[2022-01-23 오전 1:17:09] 성구암송 종료
[2022-01-23 오전 1:17:12] 100 성구 추가 완료
[2022-01-23 오전 1:17:12] 성구암송 시작
[2022-01-23 오후 1:15:34] 100 성구 추가 완료
[2022-01-23 오후 1:15:34] 성구암송 시작
[2022-01-23 오후 1:15:36] 성구암송 종료
[2022-01-23 오후 1:15:37] 100 성구 추가 완료
[2022-01-23 오후 1:15:37] 성구암송 시작
[2022-01-23 오후 1:15:41] 성구확인: 오답
[2022-01-23 오후 1:15:41] 다음 성구
[2022-01-23 오후 1:15:41] 성구확인: 오답
[2022-01-23 오후 1:15:41] 다음 성구
[2022-01-23 오후 1:15:42] 성구확인: 오답
[2022-01-23 오후 1:15:42] 다음 성구
[2022-01-23 오후 1:15:42] 성구확인: 오답
[2022-01-23 오후 1:15:42] 다음 성구
[2022-01-23 오후 1:15:43] 성구확인: 오답
[2022-01-23 오후 1:15:43] 다음 성구
[2022-01-23 오후 1:15:43] 성구확인: 오답
[2022-01-23 오후 1:15:43] 다음 성구
[2022-01-23 오후 1:15:56] 성구확인: 정답
[2022-01-23 오후 1:15:56] 다음 성구
[2022-01-23 오후 1:21:35] 100 성구 추가 완료
[2022-01-23 오후 1:21:35] 성구암송 시작
[2022-01-23 오후 1:21:38] 음성인식 시작
[2022-01-23 오후 1:21:41] 음성인식 종료
[2022-01-23 오후 1:21:42] 음성인식 시작
[2022-01-23 오후 1:21:45] 음성인식 종료
[2022-01-23 오후 1:21:46] 음성인식 시작
[2022-01-23 오후 1:21:49] 음성인식 종료
[2022-01-23 오후 1:21:54] 성구암송 종료
[2022-01-23 오후 1:22:00] 100 성구 추가 완료
[2022-01-23 오후 1:22:00] 성구암송 시작
[2022-01-23 오후 1:22:05] 성구확인: 오답
[2022-01-23 오후 1:22:05] 다음 성구
[2022-01-23 오후 1:22:08] 성구확인: 오답
[2022-01-23 오후 1:22:08] 다음 성구
[2022-01-23 오후 8:02:36] 100 성구 추가 완료
[2022-01-23 오후 8:02:36] 성구암송 시작
[2022-01-23 오후 8:02:37] 성구암송 종료
[2022-01-23 오후 8:02:39] 100 성구 추가 완료
[2022-01-23 오후 8:02:39] 성구암송 시작
[2022-01-23 오후 8:02:42] 성구암송 종료
[2022-01-23 오후 8:02:43] 100 성구 추가 완료
[2022-01-23 오후 8:02:43] 성구암송 시작
[2022-01-23 오후 8:02:49] 성구확인: 오답
[2022-01-23 오후 8:02:49] 다음 성구
[2022-01-23 오후 8:02:50] 성구확인: 오답
[2022-01-23 오후 8:02:50] 다음 성구
[2022-01-23 오후 8:02:50] 성구확인: 오답
[2022-01-23 오후 8:02:50] 다음 성구
[2022-01-23 오후 8:02:51] 성구암송 종료
[2022-01-23 오후 8:02:59] 100 성구 추가 완료
[2022-01-23 오후 8:02:59] 성구암송 시작
[2022-01-23 오후 9:45:08] 100 성구 추가 완료
[2022-01-23 오후 9:45:08] 성구암송 시작
[2022-01-23 오후 9:45:11] 성구확인: 오답
[2022-01-23 오후 9:45:11] 다음 성구
[2022-01-23 오후 9:45:11] 성구확인: 오답
[2022-01-23 오후 9:45:11] 다음 성구
[2022-01-23 오후 9:45:12] 성구확인: 오답
[2022-01-23 오후 9:45:12] 다음 성구
[2022-01-23 오후 9:45:12] 성구확인: 오답
[2022-01-23 오후 9:45:12] 다음 성구
[2022-01-23 오후 9:45:12] 성구확인: 오답
[2022-01-23 오후 9:45:12] 다음 성구
[2022-01-23 오후 9:45:12] 성구확인: 오답
[2022-01-23 오후 9:45:12] 다음 성구
[2022-01-23 오후 9:45:12] 성구확인: 오답
[2022-01-23 오후 9:45:12] 다음 성구
[2022-01-23 오후 9:45:12] 성구확인: 오답
[2022-01-23 오후 9:45:12] 다음 성구
[2022-01-23 오후 9:45:13] 성구확인: 오답
[2022-01-23 오후 9:45:13] 다음 성구
[2022-01-23 오후 9:45:22] 성구암송 종료
[2022-01-23 오후 9:47:01] 100 성구 추가 완료
[2022-01-23 오후 9:47:01] 성구암송 시작
[2022-01-23 오후 9:47:10] 성구암송 종료
[2022-01-23 오후 9:47:27] 100 성구 추가 완료
[2022-01-23 오후 9:47:27] 성구암송 시작
[2022-01-23 오후 9:47:29] 성구확인: 오답
[2022-01-23 오후 9:47:29] 다음 성구
[2022-01-23 오후 9:47:30] 성구확인: 오답
[2022-01-23 오후 9:47:30] 다음 성구
[2022-01-23 오후 9:47:30] 성구확인: 오답
[2022-01-23 오후 9:47:30] 다음 성구
[2022-01-23 오후 9:47:30] 성구확인: 오답
[2022-01-23 오후 9:47:30] 다음 성구
[2022-01-23 오후 9:47:31] 성구확인: 오답
[2022-01-23 오후 9:47:31] 다음 성구
[2022-01-23 오후 9:47:31] 성구확인: 오답
[2022-01-23 오후 9:47:31] 다음 성구
[2022-01-23 오후 9:47:32] 성구확인: 오답
[2022-01-23 오후 9:47:32] 다음 성구
[2022-01-23 오후 9:47:32] 성구확인: 오답
[2022-01-23 오후 9:47:32] 다음 성구
[2022-01-23 오후 9:47:32] 성구확인: 오답
[2022-01-23 오후 9:47:32] 다음 성구
[2022-01-23 오후 9:47:39] 성구암송 종료
[2022-01-23 오후 9:51:46] 100 성구 추가 완료
[2022-01-23 오후 9:51:46] 성구암송 시작
[2022-01-23 오후 9:51:48] 성구암송 종료
[2022-01-23 오후 9:51:50] 100 성구 추가 완료
[2022-01-23 오후 9:51:50] 성구암송 시작
[2022-01-23 오후 9:54:48] 100 성구 추가 완료
[2022-01-23 오후 9:54:48] 성구암송 시작
[2022-01-23 오후 9:54:50]  결과 저장 완료
[2022-01-23 오후 9:54:50] 성구암송 종료
[2022-01-23 오후 9:54:52] 100 성구 추가 완료
[2022-01-23 오후 9:54:52] 성구암송 시작
[2022-01-23 오후 9:54:54] 성구암송 종료
[2022-01-23 오후 9:54:56] 100 성구 추가 완료
[2022-01-23 오후 9:54:56] 성구암송 시작
[2022-01-23 오후 9:55:02] 성구암송 종료
[2022-01-23 오후 9:55:03] 100 성구 추가 완료
[2022-01-23 오후 9:55:03] 성구암송 시작
[2022-01-23 오후 9:55:07] 성구확인: 오답
[2022-01-23 오후 9:55:07] 다음 성구
[2022-01-23 오후 9:55:57] 100 성구 추가 완료
[2022-01-23 오후 9:55:57] 성구암송 시작
[2022-01-23 오후 9:56:03]  결과 저장 완료
[2022-01-23 오후 9:56:03] 성구암송 종료
[2022-01-23 오후 9:56:10] 100 성구 추가 완료
[2022-01-23 오후 9:56:10] 성구암송 시작
[2022-01-23 오후 9:56:12] 성구확인: 오답
[2022-01-23 오후 9:56:12] 다음 성구
[2022-01-23 오후 9:56:18] 성구확인: 오답
[2022-01-23 오후 9:56:18] 다음 성구
[2022-01-23 오후 9:56:21] 성구확인: 오답
[2022-01-23 오후 9:56:21] 다음 성구
[2022-01-23 오후 9:56:22] 성구확인: 오답
[2022-01-23 오후 9:56:22] 다음 성구
[2022-01-23 오후 9:56:23] 성구확인: 오답
[2022-01-23 오후 9:56:23] 다음 성구
[2022-01-23 오후 9:56:23] 성구확인: 오답
[2022-01-23 오후 9:56:23] 다음 성구
[2022-01-23 오후 9:56:27] 성구확인: 오답
[2022-01-23 오후 9:56:27] 다음 성구
